Using pre-set license
Built from '2020.2/staging' branch; Version is '2020.2.6f1 (8a2143876886) revision 9052483'; Using compiler version '192528614'; Build Type 'Release'
OS: 'Windows 10 Pro; OS build 19042.1288; Version 2009; 64bit' Language: 'zh' Physical Memory: 16326 MB
BatchMode: 1, IsHumanControllingUs: 0, StartBugReporterOnCrash: 0, Is64bit: 1, IsPro: 0

 COMMAND LINE ARGUMENTS:
D:\unity2020\Unity\Editor\Unity.exe
-adb2
-batchMode
-noUpm
-name
AssetImportWorker0
-projectPath
E:/FILE_WZS/Git/MyFluid
-logFile
Logs/AssetImportWorker0.log
-srvPort
55360
Successfully changed project path to: E:/FILE_WZS/Git/MyFluid
E:/FILE_WZS/Git/MyFluid
Using Asset Import Pipeline V2.
Refreshing native plugins compatible for Editor in 59.46 ms, found 0 plugins.
Preloading 0 native plugins for Editor in 0.00 ms.
Initialize engine version: 2020.2.6f1 (8a2143876886)
[Subsystems] Discovering subsystems at path D:/unity2020/Unity/Editor/Data/Resources/UnitySubsystems
[Subsystems] Discovering subsystems at path E:/FILE_WZS/Git/MyFluid/Assets
GfxDevice: creating device client; threaded=0
Direct3D:
    Version:  Direct3D 11.0 [level 11.1]
    Renderer: NVIDIA GeForce GTX 1660 (ID=0x2184)
    Vendor:   
    VRAM:     5991 MB
    Driver:   30.0.14.7212
Shader 'Universal Render Pipeline/Particles/Lit': fallback shader 'Universal Render Pipeline/Particles/SimpleLit' not found
Initialize mono
Mono path[0] = 'D:/unity2020/Unity/Editor/Data/Managed'
Mono path[1] = 'D:/unity2020/Unity/Editor/Data/MonoBleedingEdge/lib/mono/unityjit'
Mono config path = 'D:/unity2020/Unity/Editor/Data/MonoBleedingEdge/etc'
Using monoOptions --debugger-agent=transport=dt_socket,embedding=1,server=y,suspend=n,address=127.0.0.1:56400
Begin MonoManager ReloadAssembly
Registering precompiled unity dll's ...
Register platform support module: D:/unity2020/Unity/Editor/Data/PlaybackEngines/WindowsStandaloneSupport/UnityEditor.WindowsStandalone.Extensions.dll
Registered in 0.000855 seconds.
Native extension for WindowsStandalone target not found
Refreshing native plugins compatible for Editor in 50.45 ms, found 0 plugins.
Preloading 0 native plugins for Editor in 0.00 ms.
Invoked RoslynAnalysisRunner static constructor.
RoslynAnalysisRunner will not be running.
RoslynAnalysisRunner has terminated.
Mono: successfully reloaded assembly
- Completed reload, in  1.093 seconds
Platform modules already initialized, skipping
Registering precompiled user dll's ...
Registered in 0.001416 seconds.
Begin MonoManager ReloadAssembly
Native extension for WindowsStandalone target not found
Refreshing native plugins compatible for Editor in 50.65 ms, found 0 plugins.
Preloading 0 native plugins for Editor in 0.00 ms.
Invoked RoslynAnalysisRunner static constructor.
RoslynAnalysisRunner will not be running.
RoslynAnalysisRunner has terminated.
Mono: successfully reloaded assembly
- Completed reload, in  1.050 seconds
Platform modules already initialized, skipping
========================================================================
Worker process is ready to serve import requests
Shader 'Universal Render Pipeline/Particles/Lit': fallback shader 'Universal Render Pipeline/Particles/SimpleLit' not found
Launched and connected shader compiler UnityShaderCompiler.exe after 0.06 seconds
Refreshing native plugins compatible for Editor in 0.50 ms, found 0 plugins.
Preloading 0 native plugins for Editor in 0.00 ms.
Unloading 2983 Unused Serialized files (Serialized files now loaded: 0)
System memory in use before: 133.6 MB.
System memory in use after: 133.8 MB.

Unloading 12 unused Assets to reduce memory usage. Loaded Objects now: 3432.
Total: 2.452700 ms (FindLiveObjects: 0.282700 ms CreateObjectMapping: 0.158500 ms MarkObjects: 1.931300 ms  DeleteObjects: 0.079000 ms)

========================================================================
Received Import Request.
  path: Assets/12VortexStreet/FluidTest.vfx
  artifactKey: Guid(7ab7eb4941212704fbea593f1150b7b9) Importer(815301076,1909f56bfc062723c751e8b465ee728b)
Start importing Assets/12VortexStreet/FluidTest.vfx using Guid(7ab7eb4941212704fbea593f1150b7b9) Importer(815301076,1909f56bfc062723c751e8b465ee728b)  -> (artifact id: 'd5a2f6a4f6f43eceb47e6cbefa518a8b') in 0.051076 seconds
  Import took 0.072474 seconds .

========================================================================
Received Prepare
Shader 'Universal Render Pipeline/Particles/Lit': fallback shader 'Universal Render Pipeline/Particles/SimpleLit' not found
Refreshing native plugins compatible for Editor in 1.26 ms, found 0 plugins.
Preloading 0 native plugins for Editor in 0.00 ms.
Unloading 5 Unused Serialized files (Serialized files now loaded: 0)
System memory in use before: 68.4 MB.
System memory in use after: 68.6 MB.

Unloading 5 unused Assets to reduce memory usage. Loaded Objects now: 3432.
Total: 2.473200 ms (FindLiveObjects: 0.296200 ms CreateObjectMapping: 0.156900 ms MarkObjects: 2.006100 ms  DeleteObjects: 0.013300 ms)

========================================================================
Received Import Request.
  Time since last request: 32.542175 seconds.
  path: Assets/06NavierStokes
  artifactKey: Guid(56ed5d940bc2dd34f8e07e0ab3a45468) Importer(815301076,1909f56bfc062723c751e8b465ee728b)
Start importing Assets/06NavierStokes using Guid(56ed5d940bc2dd34f8e07e0ab3a45468) Importer(815301076,1909f56bfc062723c751e8b465ee728b)  -> (artifact id: '121a1162fba98bab4ae6090830837ec0') in 0.002188 seconds
  Import took 0.036244 seconds .

